This file contains any messages produced by compilers while
running configure, to aid debugging if configure makes a mistake.

It was created by gsl configure 1.14, which was
generated by GNU Autoconf 2.65.  Invocation command line was

  $ ./configure --disable-shared --prefix=/Users/wdavidw/www/src/node/adaltas/gsl/build/default

## --------- ##
## Platform. ##
## --------- ##

hostname = eha.local
uname -m = i386
uname -r = 10.7.0
uname -s = Darwin
uname -v = Darwin Kernel Version 10.7.0: Sat Jan 29 15:17:16 PST 2011; root:xnu-1504.9.37~1/RELEASE_I386

/usr/bin/uname -p = i386
/bin/uname -X     = unknown

/bin/arch              = unknown
/usr/bin/arch -k       = unknown
/usr/convex/getsysinfo = unknown
/usr/bin/hostinfo      = Mach kernel version:
	 Darwin Kernel Version 10.7.0: Sat Jan 29 15:17:16 PST 2011; root:xnu-1504.9.37~1/RELEASE_I386
Kernel configured for up to 4 processors.
2 processors are physically available.
4 processors are logically available.
Processor type: i486 (Intel 80486)
Processors active: 0 1 2 3
Primary memory available: 8.00 gigabytes
Default processor set: 135 tasks, 797 threads, 4 processors
Load average: 0.71, Mach factor: 3.28
/bin/machine           = unknown
/usr/bin/oslevel       = unknown
/bin/universe          = unknown

PATH: /opt/cloudera/hbase/bin
PATH: /opt/nosql/hive/bin
PATH: /opt/cloudera/zookeeper/bin
PATH: /opt/cloudera/sqoop/bin
PATH: /bin
PATH: /opt/cloudera/pig/bin
PATH: /opt/cloudera/hadoop/bin
PATH: /opt/nosql/forrest/bin
PATH: /Users/wdavidw/.gem/ruby/1.8/gems/braid-0.5/bin
PATH: /Users/wdavidw/.gem/ruby/1.8/gems/cloud-crowd-0.2.1/bin/
PATH: /opt/local/share/derby/bin
PATH: /opt/local/bin
PATH: /opt/local/sbin
PATH: /usr/bin
PATH: /bin
PATH: /usr/sbin
PATH: /sbin
PATH: /usr/local/bin
PATH: /usr/X11/bin


## ----------- ##
## Core tests. ##
## ----------- ##

configure:2459: checking for a BSD-compatible install
configure:2527: result: /opt/local/bin/ginstall -c
configure:2538: checking whether build environment is sane
configure:2588: result: yes
configure:2729: checking for a thread-safe mkdir -p
configure:2768: result: /opt/local/bin/gmkdir -p
configure:2781: checking for gawk
configure:2797: found /opt/local/bin/gawk
configure:2808: result: gawk
configure:2819: checking whether make sets $(MAKE)
configure:2841: result: yes
configure:2924: checking whether to enable maintainer-specific portions of Makefiles
configure:2933: result: no
configure:2971: checking for a sed that does not truncate output
configure:3035: result: /opt/local/bin/gsed
configure:3045: checking whether make sets $(MAKE)
configure:3067: result: yes
configure:3081: checking build system type
configure:3095: result: x86_64-apple-darwin10.7.0
configure:3115: checking host system type
configure:3128: result: x86_64-apple-darwin10.7.0
configure:3203: checking for gcc
configure:3219: found /usr/bin/gcc
configure:3230: result: gcc
configure:3459: checking for C compiler version
configure:3468: gcc --version >&5
i686-apple-darwin10-gcc-4.2.1 (GCC) 4.2.1 (Apple Inc. build 5659)
Copyright (C) 2007 Free Software Foundation, Inc.
This is free software; see the source for copying conditions.  There is NO
warranty; not even for MERCHANTABILITY or FITNESS FOR A PARTICULAR PURPOSE.

configure:3479: $? = 0
configure:3468: gcc -v >&5
Using built-in specs.
Target: i686-apple-darwin10
Configured with: /var/tmp/gcc/gcc-5659~1/src/configure --disable-checking --enable-werror --prefix=/usr --mandir=/share/man --enable-languages=c,objc,c++,obj-c++ --program-transform-name=/^[cg][^.-]*$/s/$/-4.2/ --with-slibdir=/usr/lib --build=i686-apple-darwin10 --program-prefix=i686-apple-darwin10- --host=x86_64-apple-darwin10 --target=i686-apple-darwin10 --with-gxx-include-dir=/include/c++/4.2.1
Thread model: posix
gcc version 4.2.1 (Apple Inc. build 5659)
configure:3479: $? = 0
configure:3468: gcc -V >&5
gcc-4.2: argument to `-V' is missing
configure:3479: $? = 1
configure:3468: gcc -qversion >&5
i686-apple-darwin10-gcc-4.2.1: no input files
configure:3479: $? = 1
configure:3499: checking whether the C compiler works
configure:3521: gcc    conftest.c  >&5
configure:3525: $? = 0
configure:3574: result: yes
configure:3577: checking for C compiler default output file name
configure:3579: result: a.out
configure:3585: checking for suffix of executables
configure:3592: gcc -o conftest    conftest.c  >&5
configure:3596: $? = 0
configure:3618: result: 
configure:3640: checking whether we are cross compiling
configure:3648: gcc -o conftest    conftest.c  >&5
configure:3652: $? = 0
configure:3659: ./conftest
configure:3663: $? = 0
configure:3678: result: no
configure:3683: checking for suffix of object files
configure:3705: gcc -c   conftest.c >&5
configure:3709: $? = 0
configure:3730: result: o
configure:3734: checking whether we are using the GNU C compiler
configure:3753: gcc -c   conftest.c >&5
configure:3753: $? = 0
configure:3762: result: yes
configure:3771: checking whether gcc accepts -g
configure:3791: gcc -c -g  conftest.c >&5
configure:3791: $? = 0
configure:3832: result: yes
configure:3849: checking for gcc option to accept ISO C89
configure:3913: gcc  -c -g -O2  conftest.c >&5
configure:3913: $? = 0
configure:3926: result: none needed
configure:3957: checking for style of include used by make
configure:3985: result: GNU
configure:4010: checking dependency style of gcc
configure:4120: result: gcc3
configure:4140: checking how to run the C preprocessor
configure:4171: gcc -E  conftest.c
configure:4171: $? = 0
configure:4185: gcc -E  conftest.c
conftest.c:12:28: error: ac_nonexistent.h: No such file or directory
configure:4185: $? = 1
configure: failed program was:
| /* confdefs.h */
| #define PACKAGE_NAME "gsl"
| #define PACKAGE_TARNAME "gsl"
| #define PACKAGE_VERSION "1.14"
| #define PACKAGE_STRING "gsl 1.14"
| #define PACKAGE_BUGREPORT ""
| #define PACKAGE_URL ""
| #define PACKAGE "gsl"
| #define VERSION "1.14"
| #define RELEASED /**/
| /* end confdefs.h.  */
| #include <ac_nonexistent.h>
configure:4210: result: gcc -E
configure:4230: gcc -E  conftest.c
configure:4230: $? = 0
configure:4244: gcc -E  conftest.c
conftest.c:12:28: error: ac_nonexistent.h: No such file or directory
configure:4244: $? = 1
configure: failed program was:
| /* confdefs.h */
| #define PACKAGE_NAME "gsl"
| #define PACKAGE_TARNAME "gsl"
| #define PACKAGE_VERSION "1.14"
| #define PACKAGE_STRING "gsl 1.14"
| #define PACKAGE_BUGREPORT ""
| #define PACKAGE_URL ""
| #define PACKAGE "gsl"
| #define VERSION "1.14"
| #define RELEASED /**/
| /* end confdefs.h.  */
| #include <ac_nonexistent.h>
configure:4273: checking whether ln -s works
configure:4277: result: yes
configure:4309: checking for a sed that does not truncate output
configure:4373: result: /opt/local/bin/gsed
configure:4391: checking for grep that handles long lines and -e
configure:4449: result: /usr/bin/grep
configure:4454: checking for egrep
configure:4516: result: /usr/bin/grep -E
configure:4521: checking for fgrep
configure:4583: result: /usr/bin/grep -F
configure:4618: checking for ld used by gcc
configure:4685: result: /usr/libexec/gcc/i686-apple-darwin10/4.2.1/ld
configure:4692: checking if the linker (/usr/libexec/gcc/i686-apple-darwin10/4.2.1/ld) is GNU ld
configure:4707: result: no
configure:4719: checking for BSD- or MS-compatible name lister (nm)
configure:4768: result: /usr/bin/nm
configure:4886: checking the name lister (/usr/bin/nm) interface
configure:4893: gcc -c -g -O2  conftest.c >&5
configure:4896: /usr/bin/nm "conftest.o"
configure:4899: output
0000000000000190 D _some_variable
configure:4906: result: BSD nm
configure:4910: checking the maximum length of command line arguments
configure:5030: result: 196608
configure:5047: checking whether the shell understands some XSI constructs
configure:5057: result: yes
configure:5061: checking whether the shell understands "+="
configure:5067: result: yes
configure:5102: checking for /usr/libexec/gcc/i686-apple-darwin10/4.2.1/ld option to reload object files
configure:5109: result: -r
configure:5178: checking for objdump
configure:5208: result: no
configure:5237: checking how to recognize dependent libraries
configure:5433: result: pass_all
configure:5493: checking for ar
configure:5509: found /usr/bin/ar
configure:5520: result: ar
configure:5598: checking for strip
configure:5614: found /usr/bin/strip
configure:5625: result: strip
configure:5697: checking for ranlib
configure:5713: found /usr/bin/ranlib
configure:5724: result: ranlib
configure:5814: checking command to parse /usr/bin/nm output from gcc object
configure:5932: gcc -c -g -O2  conftest.c >&5
configure:5935: $? = 0
configure:5939: /usr/bin/nm conftest.o \| sed -n -e 's/^.*[	 ]\([BCDEGRST][BCDEGRST]*\)[	 ][	 ]*\([_A-Za-z][_A-Za-z0-9]*\)$/\1 \2 \2/p' \> conftest.nm
configure:5942: $? = 0
cannot find nm_test_var in conftest.nm
configure:5932: gcc -c -g -O2  conftest.c >&5
configure:5935: $? = 0
configure:5939: /usr/bin/nm conftest.o \| sed -n -e 's/^.*[	 ]\([BCDEGRST][BCDEGRST]*\)[	 ][	 ]*_\([_A-Za-z][_A-Za-z0-9]*\)$/\1 _\2 \2/p' \> conftest.nm
configure:5942: $? = 0
configure:5996: gcc -o conftest -g -O2   conftest.c conftstm.o >&5
configure:5999: $? = 0
configure:6037: result: ok
configure:6302: checking for dsymutil
configure:6318: found /usr/bin/dsymutil
configure:6329: result: dsymutil
configure:6394: checking for nmedit
configure:6410: found /usr/bin/nmedit
configure:6421: result: nmedit
configure:6486: checking for lipo
configure:6502: found /usr/bin/lipo
configure:6513: result: lipo
configure:6578: checking for otool
configure:6594: found /usr/bin/otool
configure:6605: result: otool
configure:6670: checking for otool64
configure:6700: result: no
configure:6745: checking for -single_module linker flag
gcc -g -O2  -o libconftest.dylib -dynamiclib -Wl,-single_module conftest.c
configure:6772: result: yes
configure:6774: checking for -exported_symbols_list linker flag
configure:6794: gcc -o conftest -g -O2   -Wl,-exported_symbols_list,conftest.sym conftest.c  >&5
configure:6794: $? = 0
configure:6804: result: yes
configure:6842: checking for ANSI C header files
configure:6862: gcc -c -g -O2  conftest.c >&5
configure:6862: $? = 0
configure:6935: gcc -o conftest -g -O2   conftest.c  >&5
configure:6935: $? = 0
configure:6935: ./conftest
configure:6935: $? = 0
configure:6946: result: yes
configure:6959: checking for sys/types.h
configure:6959: gcc -c -g -O2  conftest.c >&5
configure:6959: $? = 0
configure:6959: result: yes
configure:6959: checking for sys/stat.h
configure:6959: gcc -c -g -O2  conftest.c >&5
configure:6959: $? = 0
configure:6959: result: yes
configure:6959: checking for stdlib.h
configure:6959: gcc -c -g -O2  conftest.c >&5
configure:6959: $? = 0
configure:6959: result: yes
configure:6959: checking for string.h
configure:6959: gcc -c -g -O2  conftest.c >&5
configure:6959: $? = 0
configure:6959: result: yes
configure:6959: checking for memory.h
configure:6959: gcc -c -g -O2  conftest.c >&5
configure:6959: $? = 0
configure:6959: result: yes
configure:6959: checking for strings.h
configure:6959: gcc -c -g -O2  conftest.c >&5
configure:6959: $? = 0
configure:6959: result: yes
configure:6959: checking for inttypes.h
configure:6959: gcc -c -g -O2  conftest.c >&5
configure:6959: $? = 0
configure:6959: result: yes
configure:6959: checking for stdint.h
configure:6959: gcc -c -g -O2  conftest.c >&5
configure:6959: $? = 0
configure:6959: result: yes
configure:6959: checking for unistd.h
configure:6959: gcc -c -g -O2  conftest.c >&5
configure:6959: $? = 0
configure:6959: result: yes
configure:6974: checking for dlfcn.h
configure:6974: gcc -c -g -O2  conftest.c >&5
configure:6974: $? = 0
configure:6974: result: yes
configure:7158: checking for objdir
configure:7173: result: .libs
configure:7465: checking if gcc supports -fno-rtti -fno-exceptions
configure:7483: gcc -c -g -O2  -fno-rtti -fno-exceptions conftest.c >&5
cc1: warning: command line option "-fno-rtti" is valid for C++/ObjC++ but not for C
configure:7487: $? = 0
configure:7500: result: no
configure:7520: checking for gcc option to produce PIC
configure:7792: result: -fno-common -DPIC
configure:7804: checking if gcc PIC flag -fno-common -DPIC works
configure:7822: gcc -c -g -O2  -fno-common -DPIC -DPIC conftest.c >&5
configure:7826: $? = 0
configure:7839: result: yes
configure:7863: checking if gcc static flag -static works
configure:7891: result: no
configure:7906: checking if gcc supports -c -o file.o
configure:7927: gcc -c -g -O2  -o out/conftest2.o conftest.c >&5
configure:7931: $? = 0
configure:7953: result: yes
configure:7961: checking if gcc supports -c -o file.o
configure:8008: result: yes
configure:8041: checking whether the gcc linker (/usr/libexec/gcc/i686-apple-darwin10/4.2.1/ld) supports shared libraries
configure:9027: result: yes
configure:9266: checking dynamic linker characteristics
configure:9917: result: darwin10.7.0 dyld
configure:10019: checking how to hardcode library paths into programs
configure:10044: result: immediate
configure:10564: checking whether stripping libraries is possible
configure:10578: result: yes
configure:10604: checking if libtool supports shared libraries
configure:10606: result: yes
configure:10609: checking whether to build shared libraries
configure:10630: result: no
configure:10633: checking whether to build static libraries
configure:10637: result: yes
configure:10673: checking for size_t
configure:10673: gcc -c -g -O2  conftest.c >&5
configure:10673: $? = 0
configure:10673: gcc -c -g -O2  conftest.c >&5
conftest.c: In function 'main':
conftest.c:60: error: expected expression before ')' token
configure:10673: $? = 1
configure: failed program was:
| /* confdefs.h */
| #define PACKAGE_NAME "gsl"
| #define PACKAGE_TARNAME "gsl"
| #define PACKAGE_VERSION "1.14"
| #define PACKAGE_STRING "gsl 1.14"
| #define PACKAGE_BUGREPORT ""
| #define PACKAGE_URL ""
| #define PACKAGE "gsl"
| #define VERSION "1.14"
| #define RELEASED /**/
| #define STDC_HEADERS 1
| #define HAVE_SYS_TYPES_H 1
| #define HAVE_SYS_STAT_H 1
| #define HAVE_STDLIB_H 1
| #define HAVE_STRING_H 1
| #define HAVE_MEMORY_H 1
| #define HAVE_STRINGS_H 1
| #define HAVE_INTTYPES_H 1
| #define HAVE_STDINT_H 1
| #define HAVE_UNISTD_H 1
| #define HAVE_DLFCN_H 1
| #define LT_OBJDIR ".libs/"
| /* end confdefs.h.  */
| #include <stdio.h>
| #ifdef HAVE_SYS_TYPES_H
| # include <sys/types.h>
| #endif
| #ifdef HAVE_SYS_STAT_H
| # include <sys/stat.h>
| #endif
| #ifdef STDC_HEADERS
| # include <stdlib.h>
| # include <stddef.h>
| #else
| # ifdef HAVE_STDLIB_H
| #  include <stdlib.h>
| # endif
| #endif
| #ifdef HAVE_STRING_H
| # if !defined STDC_HEADERS && defined HAVE_MEMORY_H
| #  include <memory.h>
| # endif
| # include <string.h>
| #endif
| #ifdef HAVE_STRINGS_H
| # include <strings.h>
| #endif
| #ifdef HAVE_INTTYPES_H
| # include <inttypes.h>
| #endif
| #ifdef HAVE_STDINT_H
| # include <stdint.h>
| #endif
| #ifdef HAVE_UNISTD_H
| # include <unistd.h>
| #endif
| int
| main ()
| {
| if (sizeof ((size_t)))
| 	    return 0;
|   ;
|   return 0;
| }
configure:10673: result: yes
configure:10684: checking for working volatile
configure:10703: gcc -c -g -O2  conftest.c >&5
configure:10703: $? = 0
configure:10710: result: yes
configure:10718: checking for inline
configure:10734: gcc -c -g -O2  conftest.c >&5
configure:10734: $? = 0
configure:10742: result: inline
configure:10760: checking whether char is unsigned
configure:10778: gcc -c -g -O2  conftest.c >&5
configure:10778: $? = 0
configure:10785: result: no
configure:10800: checking for GNU-style extern inline
configure:10819: gcc -c -g -O2  conftest.c >&5
configure:10819: $? = 0
configure:10825: result: yes
configure:10890: checking ieeefp.h usability
configure:10890: gcc -c -g -O2  conftest.c >&5
conftest.c:58:20: error: ieeefp.h: No such file or directory
configure:10890: $? = 1
configure: failed program was:
| /* confdefs.h */
| #define PACKAGE_NAME "gsl"
| #define PACKAGE_TARNAME "gsl"
| #define PACKAGE_VERSION "1.14"
| #define PACKAGE_STRING "gsl 1.14"
| #define PACKAGE_BUGREPORT ""
| #define PACKAGE_URL ""
| #define PACKAGE "gsl"
| #define VERSION "1.14"
| #define RELEASED /**/
| #define STDC_HEADERS 1
| #define HAVE_SYS_TYPES_H 1
| #define HAVE_SYS_STAT_H 1
| #define HAVE_STDLIB_H 1
| #define HAVE_STRING_H 1
| #define HAVE_MEMORY_H 1
| #define HAVE_STRINGS_H 1
| #define HAVE_INTTYPES_H 1
| #define HAVE_STDINT_H 1
| #define HAVE_UNISTD_H 1
| #define HAVE_DLFCN_H 1
| #define LT_OBJDIR ".libs/"
| #define HAVE_INLINE 1
| /* end confdefs.h.  */
| #include <stdio.h>
| #ifdef HAVE_SYS_TYPES_H
| # include <sys/types.h>
| #endif
| #ifdef HAVE_SYS_STAT_H
| # include <sys/stat.h>
| #endif
| #ifdef STDC_HEADERS
| # include <stdlib.h>
| # include <stddef.h>
| #else
| # ifdef HAVE_STDLIB_H
| #  include <stdlib.h>
| # endif
| #endif
| #ifdef HAVE_STRING_H
| # if !defined STDC_HEADERS && defined HAVE_MEMORY_H
| #  include <memory.h>
| # endif
| # include <string.h>
| #endif
| #ifdef HAVE_STRINGS_H
| # include <strings.h>
| #endif
| #ifdef HAVE_INTTYPES_H
| # include <inttypes.h>
| #endif
| #ifdef HAVE_STDINT_H
| # include <stdint.h>
| #endif
| #ifdef HAVE_UNISTD_H
| # include <unistd.h>
| #endif
| #include <ieeefp.h>
configure:10890: result: no
configure:10890: checking ieeefp.h presence
configure:10890: gcc -E  conftest.c
conftest.c:25:20: error: ieeefp.h: No such file or directory
configure:10890: $? = 1
configure: failed program was:
| /* confdefs.h */
| #define PACKAGE_NAME "gsl"
| #define PACKAGE_TARNAME "gsl"
| #define PACKAGE_VERSION "1.14"
| #define PACKAGE_STRING "gsl 1.14"
| #define PACKAGE_BUGREPORT ""
| #define PACKAGE_URL ""
| #define PACKAGE "gsl"
| #define VERSION "1.14"
| #define RELEASED /**/
| #define STDC_HEADERS 1
| #define HAVE_SYS_TYPES_H 1
| #define HAVE_SYS_STAT_H 1
| #define HAVE_STDLIB_H 1
| #define HAVE_STRING_H 1
| #define HAVE_MEMORY_H 1
| #define HAVE_STRINGS_H 1
| #define HAVE_INTTYPES_H 1
| #define HAVE_STDINT_H 1
| #define HAVE_UNISTD_H 1
| #define HAVE_DLFCN_H 1
| #define LT_OBJDIR ".libs/"
| #define HAVE_INLINE 1
| /* end confdefs.h.  */
| #include <ieeefp.h>
configure:10890: result: no
configure:10890: checking for ieeefp.h
configure:10890: result: no
configure:10920: checking for vprintf
configure:10920: gcc -o conftest -g -O2   conftest.c  >&5
conftest.c:48: warning: conflicting types for built-in function 'vprintf'
configure:10920: $? = 0
configure:10920: result: yes
configure:10926: checking for _doprnt
configure:10926: gcc -o conftest -g -O2   conftest.c  >&5
Undefined symbols:
  "__doprnt", referenced from:
      _main in ccxHjs9C.o
ld: symbol(s) not found
collect2: ld returned 1 exit status
configure:10926: $? = 1
configure: failed program was:
| /* confdefs.h */
| #define PACKAGE_NAME "gsl"
| #define PACKAGE_TARNAME "gsl"
| #define PACKAGE_VERSION "1.14"
| #define PACKAGE_STRING "gsl 1.14"
| #define PACKAGE_BUGREPORT ""
| #define PACKAGE_URL ""
| #define PACKAGE "gsl"
| #define VERSION "1.14"
| #define RELEASED /**/
| #define STDC_HEADERS 1
| #define HAVE_SYS_TYPES_H 1
| #define HAVE_SYS_STAT_H 1
| #define HAVE_STDLIB_H 1
| #define HAVE_STRING_H 1
| #define HAVE_MEMORY_H 1
| #define HAVE_STRINGS_H 1
| #define HAVE_INTTYPES_H 1
| #define HAVE_STDINT_H 1
| #define HAVE_UNISTD_H 1
| #define HAVE_DLFCN_H 1
| #define LT_OBJDIR ".libs/"
| #define HAVE_INLINE 1
| #define HAVE_VPRINTF 1
| /* end confdefs.h.  */
| /* Define _doprnt to an innocuous variant, in case <limits.h> declares _doprnt.
|    For example, HP-UX 11i <limits.h> declares gettimeofday.  */
| #define _doprnt innocuous__doprnt
| 
| /* System header to define __stub macros and hopefully few prototypes,
|     which can conflict with char _doprnt (); below.
|     Prefer <limits.h> to <assert.h> if __STDC__ is defined, since
|     <limits.h> exists even on freestanding compilers.  */
| 
| #ifdef __STDC__
| # include <limits.h>
| #else
| # include <assert.h>
| #endif
| 
| #undef _doprnt
| 
| /* Override any GCC internal prototype to avoid an error.
|    Use char because int might match the return type of a GCC
|    builtin and then its argument prototype would still apply.  */
| #ifdef __cplusplus
| extern "C"
| #endif
| char _doprnt ();
| /* The GNU C library defines this for functions which it implements
|     to always fail with ENOSYS.  Some functions are actually named
|     something starting with __ and the normal name is an alias.  */
| #if defined __stub__doprnt || defined __stub____doprnt
| choke me
| #endif
| 
| int
| main ()
| {
| return _doprnt ();
|   ;
|   return 0;
| }
configure:10926: result: no
configure:10941: checking for memcpy
configure:10941: gcc -o conftest -g -O2   conftest.c  >&5
conftest.c:49: warning: conflicting types for built-in function 'memcpy'
configure:10941: $? = 0
configure:10941: result: yes
configure:10941: checking for memmove
configure:10941: gcc -o conftest -g -O2   conftest.c  >&5
conftest.c:50: warning: conflicting types for built-in function 'memmove'
configure:10941: $? = 0
configure:10941: result: yes
configure:10941: checking for strdup
configure:10941: gcc -o conftest -g -O2   conftest.c  >&5
conftest.c:51: warning: conflicting types for built-in function 'strdup'
configure:10941: $? = 0
configure:10941: result: yes
configure:10941: checking for strtol
configure:10941: gcc -o conftest -g -O2   conftest.c  >&5
configure:10941: $? = 0
configure:10941: result: yes
configure:10941: checking for strtoul
configure:10941: gcc -o conftest -g -O2   conftest.c  >&5
configure:10941: $? = 0
configure:10941: result: yes
configure:10960: checking for EXIT_SUCCESS and EXIT_FAILURE
configure:10984: result: yes
configure:10995: checking for cos in -lm
configure:11020: gcc -o conftest -g -O2   conftest.c -lm   >&5
conftest.c:39: warning: conflicting types for built-in function 'cos'
configure:11020: $? = 0
configure:11029: result: yes
configure:11042: checking whether feenableexcept is declared
configure:11042: gcc -c -g -O2  conftest.c >&5
conftest.c: In function 'main':
conftest.c:40: error: 'feenableexcept' undeclared (first use in this function)
conftest.c:40: error: (Each undeclared identifier is reported only once
conftest.c:40: error: for each function it appears in.)
configure:11042: $? = 1
configure: failed program was:
| /* confdefs.h */
| #define PACKAGE_NAME "gsl"
| #define PACKAGE_TARNAME "gsl"
| #define PACKAGE_VERSION "1.14"
| #define PACKAGE_STRING "gsl 1.14"
| #define PACKAGE_BUGREPORT ""
| #define PACKAGE_URL ""
| #define PACKAGE "gsl"
| #define VERSION "1.14"
| #define RELEASED /**/
| #define STDC_HEADERS 1
| #define HAVE_SYS_TYPES_H 1
| #define HAVE_SYS_STAT_H 1
| #define HAVE_STDLIB_H 1
| #define HAVE_STRING_H 1
| #define HAVE_MEMORY_H 1
| #define HAVE_STRINGS_H 1
| #define HAVE_INTTYPES_H 1
| #define HAVE_STDINT_H 1
| #define HAVE_UNISTD_H 1
| #define HAVE_DLFCN_H 1
| #define LT_OBJDIR ".libs/"
| #define HAVE_INLINE 1
| #define HAVE_VPRINTF 1
| #define HAVE_MEMCPY 1
| #define HAVE_MEMMOVE 1
| #define HAVE_STRDUP 1
| #define HAVE_STRTOL 1
| #define HAVE_STRTOUL 1
| #define HAVE_EXIT_SUCCESS_AND_FAILURE 1
| #define HAVE_LIBM 1
| /* end confdefs.h.  */
| #define _GNU_SOURCE 1
| #include <fenv.h>
| 
| int
| main ()
| {
| #ifndef feenableexcept
|   (void) feenableexcept;
| #endif
| 
|   ;
|   return 0;
| }
configure:11042: result: no
configure:11055: checking whether fesettrapenable is declared
configure:11055: gcc -c -g -O2  conftest.c >&5
conftest.c: In function 'main':
conftest.c:41: error: 'fesettrapenable' undeclared (first use in this function)
conftest.c:41: error: (Each undeclared identifier is reported only once
conftest.c:41: error: for each function it appears in.)
configure:11055: $? = 1
configure: failed program was:
| /* confdefs.h */
| #define PACKAGE_NAME "gsl"
| #define PACKAGE_TARNAME "gsl"
| #define PACKAGE_VERSION "1.14"
| #define PACKAGE_STRING "gsl 1.14"
| #define PACKAGE_BUGREPORT ""
| #define PACKAGE_URL ""
| #define PACKAGE "gsl"
| #define VERSION "1.14"
| #define RELEASED /**/
| #define STDC_HEADERS 1
| #define HAVE_SYS_TYPES_H 1
| #define HAVE_SYS_STAT_H 1
| #define HAVE_STDLIB_H 1
| #define HAVE_STRING_H 1
| #define HAVE_MEMORY_H 1
| #define HAVE_STRINGS_H 1
| #define HAVE_INTTYPES_H 1
| #define HAVE_STDINT_H 1
| #define HAVE_UNISTD_H 1
| #define HAVE_DLFCN_H 1
| #define LT_OBJDIR ".libs/"
| #define HAVE_INLINE 1
| #define HAVE_VPRINTF 1
| #define HAVE_MEMCPY 1
| #define HAVE_MEMMOVE 1
| #define HAVE_STRDUP 1
| #define HAVE_STRTOL 1
| #define HAVE_STRTOUL 1
| #define HAVE_EXIT_SUCCESS_AND_FAILURE 1
| #define HAVE_LIBM 1
| #define HAVE_DECL_FEENABLEEXCEPT 0
| /* end confdefs.h.  */
| #define _GNU_SOURCE 1
| #include <fenv.h>
| 
| int
| main ()
| {
| #ifndef fesettrapenable
|   (void) fesettrapenable;
| #endif
| 
|   ;
|   return 0;
| }
configure:11055: result: no
configure:11068: checking whether hypot is declared
configure:11068: gcc -c -g -O2  conftest.c >&5
configure:11068: $? = 0
configure:11068: result: yes
configure:11080: checking whether expm1 is declared
configure:11080: gcc -c -g -O2  conftest.c >&5
configure:11080: $? = 0
configure:11080: result: yes
configure:11092: checking whether acosh is declared
configure:11092: gcc -c -g -O2  conftest.c >&5
configure:11092: $? = 0
configure:11092: result: yes
configure:11104: checking whether asinh is declared
configure:11104: gcc -c -g -O2  conftest.c >&5
configure:11104: $? = 0
configure:11104: result: yes
configure:11116: checking whether atanh is declared
configure:11116: gcc -c -g -O2  conftest.c >&5
configure:11116: $? = 0
configure:11116: result: yes
configure:11128: checking whether ldexp is declared
configure:11128: gcc -c -g -O2  conftest.c >&5
configure:11128: $? = 0
configure:11128: result: yes
configure:11140: checking whether frexp is declared
configure:11140: gcc -c -g -O2  conftest.c >&5
configure:11140: $? = 0
configure:11140: result: yes
configure:11152: checking whether isinf is declared
configure:11152: gcc -c -g -O2  conftest.c >&5
configure:11152: $? = 0
configure:11152: result: yes
configure:11164: checking whether isfinite is declared
configure:11164: gcc -c -g -O2  conftest.c >&5
configure:11164: $? = 0
configure:11164: result: yes
configure:11176: checking whether finite is declared
configure:11176: gcc -c -g -O2  conftest.c >&5
configure:11176: $? = 0
configure:11176: result: yes
configure:11191: checking whether isnan is declared
configure:11191: gcc -c -g -O2  conftest.c >&5
configure:11191: $? = 0
configure:11191: result: yes
configure:11210: checking whether log1p is declared
configure:11210: gcc -c -g -O2  conftest.c >&5
configure:11210: $? = 0
configure:11210: result: yes
configure:11225: checking for long double stdio
configure:11246: gcc -o conftest -g -O2   conftest.c -lm  >&5
configure:11246: $? = 0
configure:11246: ./conftest
1.234
configure:11246: $? = 0
configure:11256: result: yes
configure:11265: checking for extended floating point registers
configure:11298: result: yes
configure:11307: checking for IEEE arithmetic interface type
configure:11370: result: unknown
configure:11500: checking for IEEE compiler flags
configure:11539: result: none
configure:11548: checking for IEEE comparisons
configure:11569: gcc -o conftest -g -O2   conftest.c -lm  >&5
conftest.c: In function 'main':
conftest.c:58: warning: incompatible implicit declaration of built-in function 'exit'
configure:11569: $? = 0
configure:11569: ./conftest
configure:11569: $? = 0
configure:11580: result: yes
configure:11589: checking for IEEE denormalized values
configure:11611: gcc -o conftest -g -O2   conftest.c -lm  >&5
conftest.c: In function 'main':
conftest.c:60: warning: incompatible implicit declaration of built-in function 'exit'
configure:11611: $? = 0
configure:11611: ./conftest
configure:11611: $? = 0
configure:11622: result: yes
configure:11777: creating ./config.status

## ---------------------- ##
## Running config.status. ##
## ---------------------- ##

This file was extended by gsl config.status 1.14, which was
generated by GNU Autoconf 2.65.  Invocation command line was

  CONFIG_FILES    = 
  CONFIG_HEADERS  = 
  CONFIG_LINKS    = 
  CONFIG_COMMANDS = 
  $ ./config.status 

on eha.local

config.status:1166: creating gsl_version.h
config.status:1166: creating gsl.spec
config.status:1166: creating gsl/Makefile
config.status:1166: creating test/Makefile
config.status:1166: creating err/Makefile
config.status:1166: creating sys/Makefile
config.status:1166: creating utils/Makefile
config.status:1166: creating const/Makefile
config.status:1166: creating min/Makefile
config.status:1166: creating multimin/Makefile
config.status:1166: creating ieee-utils/Makefile
config.status:1166: creating fft/Makefile
config.status:1166: creating specfunc/Makefile
config.status:1166: creating dht/Makefile
config.status:1166: creating fit/Makefile
config.status:1166: creating multifit/Makefile
config.status:1166: creating bspline/Makefile
config.status:1166: creating statistics/Makefile
config.status:1166: creating sum/Makefile
config.status:1166: creating roots/Makefile
config.status:1166: creating multiroots/Makefile
config.status:1166: creating ntuple/Makefile
config.status:1166: creating poly/Makefile
config.status:1166: creating qrng/Makefile
config.status:1166: creating rng/Makefile
config.status:1166: creating randist/Makefile
config.status:1166: creating siman/Makefile
config.status:1166: creating integration/Makefile
config.status:1166: creating interpolation/Makefile
config.status:1166: creating doc/Makefile
config.status:1166: creating block/Makefile
config.status:1166: creating vector/Makefile
config.status:1166: creating matrix/Makefile
config.status:1166: creating histogram/Makefile
config.status:1166: creating monte/Makefile
config.status:1166: creating ode-initval/Makefile
config.status:1166: creating cblas/Makefile
config.status:1166: creating blas/Makefile
config.status:1166: creating linalg/Makefile
config.status:1166: creating eigen/Makefile
config.status:1166: creating permutation/Makefile
config.status:1166: creating combination/Makefile
config.status:1166: creating multiset/Makefile
config.status:1166: creating sort/Makefile
config.status:1166: creating complex/Makefile
config.status:1166: creating diff/Makefile
config.status:1166: creating deriv/Makefile
config.status:1166: creating cheb/Makefile
config.status:1166: creating cdf/Makefile
config.status:1166: creating wavelet/Makefile
config.status:1166: creating Makefile
config.status:1166: creating config.h
config.status:1338: config.h is unchanged
config.status:1386: executing depfiles commands
config.status:1386: executing libtool commands

## ---------------- ##
## Cache variables. ##
## ---------------- ##

ac_cv_build=x86_64-apple-darwin10.7.0
ac_cv_c_char_unsigned=no
ac_cv_c_compiler_gnu=yes
ac_cv_c_extended_fp=yes
ac_cv_c_extern_inline=yes
ac_cv_c_ieee_comparisons=yes
ac_cv_c_ieee_denormals=yes
ac_cv_c_ieee_flags=none
ac_cv_c_ieee_interface=unknown
ac_cv_c_inline=inline
ac_cv_c_volatile=yes
ac_cv_decl_exit_success_and_failure=yes
ac_cv_env_CC_set=
ac_cv_env_CC_value=
ac_cv_env_CFLAGS_set=
ac_cv_env_CFLAGS_value=
ac_cv_env_CPPFLAGS_set=
ac_cv_env_CPPFLAGS_value=
ac_cv_env_CPP_set=
ac_cv_env_CPP_value=
ac_cv_env_LDFLAGS_set=
ac_cv_env_LDFLAGS_value=
ac_cv_env_LIBS_set=
ac_cv_env_LIBS_value=
ac_cv_env_build_alias_set=
ac_cv_env_build_alias_value=
ac_cv_env_host_alias_set=
ac_cv_env_host_alias_value=
ac_cv_env_target_alias_set=
ac_cv_env_target_alias_value=
ac_cv_func__doprnt=no
ac_cv_func_memcpy=yes
ac_cv_func_memmove=yes
ac_cv_func_printf_longdouble=yes
ac_cv_func_strdup=yes
ac_cv_func_strtol=yes
ac_cv_func_strtoul=yes
ac_cv_func_vprintf=yes
ac_cv_have_decl_acosh=yes
ac_cv_have_decl_asinh=yes
ac_cv_have_decl_atanh=yes
ac_cv_have_decl_expm1=yes
ac_cv_have_decl_feenableexcept=no
ac_cv_have_decl_fesettrapenable=no
ac_cv_have_decl_finite=yes
ac_cv_have_decl_frexp=yes
ac_cv_have_decl_hypot=yes
ac_cv_have_decl_isfinite=yes
ac_cv_have_decl_isinf=yes
ac_cv_have_decl_isnan=yes
ac_cv_have_decl_ldexp=yes
ac_cv_have_decl_log1p=yes
ac_cv_header_dlfcn_h=yes
ac_cv_header_ieeefp_h=no
ac_cv_header_inttypes_h=yes
ac_cv_header_memory_h=yes
ac_cv_header_stdc=yes
ac_cv_header_stdint_h=yes
ac_cv_header_stdlib_h=yes
ac_cv_header_string_h=yes
ac_cv_header_strings_h=yes
ac_cv_header_sys_stat_h=yes
ac_cv_header_sys_types_h=yes
ac_cv_header_unistd_h=yes
ac_cv_host=x86_64-apple-darwin10.7.0
ac_cv_lib_m_cos=yes
ac_cv_objext=o
ac_cv_path_EGREP='/usr/bin/grep -E'
ac_cv_path_FGREP='/usr/bin/grep -F'
ac_cv_path_GREP=/usr/bin/grep
ac_cv_path_SED=/opt/local/bin/gsed
ac_cv_path_install='/opt/local/bin/ginstall -c'
ac_cv_path_mkdir=/opt/local/bin/gmkdir
ac_cv_prog_AWK=gawk
ac_cv_prog_CPP='gcc -E'
ac_cv_prog_ac_ct_AR=ar
ac_cv_prog_ac_ct_CC=gcc
ac_cv_prog_ac_ct_DSYMUTIL=dsymutil
ac_cv_prog_ac_ct_LIPO=lipo
ac_cv_prog_ac_ct_NMEDIT=nmedit
ac_cv_prog_ac_ct_OTOOL=otool
ac_cv_prog_ac_ct_RANLIB=ranlib
ac_cv_prog_ac_ct_STRIP=strip
ac_cv_prog_cc_c89=
ac_cv_prog_cc_g=yes
ac_cv_prog_make_make_set=yes
ac_cv_type_size_t=yes
am_cv_CC_dependencies_compiler_type=gcc3
lt_cv_apple_cc_single_mod=yes
lt_cv_deplibs_check_method=pass_all
lt_cv_file_magic_cmd='$MAGIC_CMD'
lt_cv_file_magic_test_file=
lt_cv_ld_exported_symbols_list=yes
lt_cv_ld_reload_flag=-r
lt_cv_nm_interface='BSD nm'
lt_cv_objdir=.libs
lt_cv_path_LD=/usr/libexec/gcc/i686-apple-darwin10/4.2.1/ld
lt_cv_path_NM=/usr/bin/nm
lt_cv_prog_compiler_c_o=yes
lt_cv_prog_compiler_pic_works=yes
lt_cv_prog_compiler_rtti_exceptions=no
lt_cv_prog_compiler_static_works=no
lt_cv_prog_gnu_ld=no
lt_cv_sys_global_symbol_pipe='sed -n -e '\''s/^.*[	 ]\([BCDEGRST][BCDEGRST]*\)[	 ][	 ]*_\([_A-Za-z][_A-Za-z0-9]*\)$/\1 _\2 \2/p'\'''
lt_cv_sys_global_symbol_to_c_name_address='sed -n -e '\''s/^: \([^ ]*\) $/  {\"\1\", (void *) 0},/p'\'' -e '\''s/^[BCDEGRST]* \([^ ]*\) \([^ ]*\)$/  {"\2", (void *) \&\2},/p'\'''
lt_cv_sys_global_symbol_to_c_name_address_lib_prefix='sed -n -e '\''s/^: \([^ ]*\) $/  {\"\1\", (void *) 0},/p'\'' -e '\''s/^[BCDEGRST]* \([^ ]*\) \(lib[^ ]*\)$/  {"\2", (void *) \&\2},/p'\'' -e '\''s/^[BCDEGRST]* \([^ ]*\) \([^ ]*\)$/  {"lib\2", (void *) \&\2},/p'\'''
lt_cv_sys_global_symbol_to_cdecl='sed -n -e '\''s/^T .* \(.*\)$/extern int \1();/p'\'' -e '\''s/^[BCDEGRST]* .* \(.*\)$/extern char \1;/p'\'''
lt_cv_sys_max_cmd_len=196608

## ----------------- ##
## Output variables. ##
## ----------------- ##

ACLOCAL='${SHELL} /Users/wdavidw/www/src/node/adaltas/gsl/deps/gsl-1.14/missing --run aclocal-1.11'
AMDEPBACKSLASH='\'
AMDEP_FALSE='#'
AMDEP_TRUE=''
AMTAR='${SHELL} /Users/wdavidw/www/src/node/adaltas/gsl/deps/gsl-1.14/missing --run tar'
AR='ar'
AUTOCONF='${SHELL} /Users/wdavidw/www/src/node/adaltas/gsl/deps/gsl-1.14/missing --run autoconf'
AUTOHEADER='${SHELL} /Users/wdavidw/www/src/node/adaltas/gsl/deps/gsl-1.14/missing --run autoheader'
AUTOMAKE='${SHELL} /Users/wdavidw/www/src/node/adaltas/gsl/deps/gsl-1.14/missing --run automake-1.11'
AWK='gawk'
CC='gcc'
CCDEPMODE='depmode=gcc3'
CFLAGS='-g -O2'
CPP='gcc -E'
CPPFLAGS=''
CYGPATH_W='echo'
DEFS='-DHAVE_CONFIG_H'
DEPDIR='.deps'
DSYMUTIL='dsymutil'
DUMPBIN=''
ECHO_C='\c'
ECHO_N=''
ECHO_T=''
EGREP='/usr/bin/grep -E'
EXEEXT=''
FGREP='/usr/bin/grep -F'
GREP='/usr/bin/grep'
GSL_CFLAGS='-I${prefix}/include'
GSL_LIBS='-L${exec_prefix}/lib -lgsl'
GSL_LT_CBLAS_VERSION='0:0:0'
GSL_LT_VERSION='15:0:15'
GSL_MAJOR_VERSION='1'
GSL_MINOR_VERSION='14'
HAVE_AIX_IEEE_INTERFACE=''
HAVE_DARWIN86_IEEE_INTERFACE=''
HAVE_DARWIN_IEEE_INTERFACE=''
HAVE_FREEBSD_IEEE_INTERFACE=''
HAVE_GNUM68K_IEEE_INTERFACE=''
HAVE_GNUPPC_IEEE_INTERFACE=''
HAVE_GNUSPARC_IEEE_INTERFACE=''
HAVE_GNUX86_IEEE_INTERFACE=''
HAVE_HPUX11_IEEE_INTERFACE=''
HAVE_HPUX_IEEE_INTERFACE=''
HAVE_IRIX_IEEE_INTERFACE=''
HAVE_NETBSD_IEEE_INTERFACE=''
HAVE_OPENBSD_IEEE_INTERFACE=''
HAVE_OS2EMX_IEEE_INTERFACE=''
HAVE_SOLARIS_IEEE_INTERFACE=''
HAVE_SUNOS4_IEEE_INTERFACE=''
HAVE_TRU64_IEEE_INTERFACE=''
INSTALL_DATA='${INSTALL} -m 644'
INSTALL_PROGRAM='${INSTALL}'
INSTALL_SCRIPT='${INSTALL}'
INSTALL_STRIP_PROGRAM='$(install_sh) -c -s'
LD='/usr/libexec/gcc/i686-apple-darwin10/4.2.1/ld'
LDFLAGS=''
LIBOBJS=''
LIBS='-lm '
LIBTOOL='$(SHELL) $(top_builddir)/libtool'
LIPO='lipo'
LN_S='ln -s'
LTLIBOBJS=''
MAINT='#'
MAINTAINER_MODE_FALSE=''
MAINTAINER_MODE_TRUE='#'
MAKEINFO='${SHELL} /Users/wdavidw/www/src/node/adaltas/gsl/deps/gsl-1.14/missing --run makeinfo'
MINGW32_HOST_FALSE=''
MINGW32_HOST_TRUE='#'
MKDIR_P='/opt/local/bin/gmkdir -p'
NM='/usr/bin/nm'
NMEDIT='nmedit'
OBJDUMP='false'
OBJEXT='o'
OTOOL64=':'
OTOOL='otool'
PACKAGE='gsl'
PACKAGE_BUGREPORT=''
PACKAGE_NAME='gsl'
PACKAGE_STRING='gsl 1.14'
PACKAGE_TARNAME='gsl'
PACKAGE_URL=''
PACKAGE_VERSION='1.14'
PATH_SEPARATOR=':'
RANLIB='ranlib'
SED='/opt/local/bin/gsed'
SET_MAKE=''
SHELL='/bin/sh'
STRIP='strip'
VERSION='1.14'
ac_ct_CC='gcc'
ac_ct_DUMPBIN=''
am__EXEEXT_FALSE=''
am__EXEEXT_TRUE='#'
am__fastdepCC_FALSE='#'
am__fastdepCC_TRUE=''
am__include='include'
am__isrc=''
am__leading_dot='.'
am__quote=''
am__tar='${AMTAR} chof - "$$tardir"'
am__untar='${AMTAR} xf -'
bindir='${exec_prefix}/bin'
build='x86_64-apple-darwin10.7.0'
build_alias=''
build_cpu='x86_64'
build_os='darwin10.7.0'
build_vendor='apple'
datadir='${datarootdir}'
datarootdir='${prefix}/share'
docdir='${datarootdir}/doc/${PACKAGE_TARNAME}'
dvidir='${docdir}'
exec_prefix='${prefix}'
host='x86_64-apple-darwin10.7.0'
host_alias=''
host_cpu='x86_64'
host_os='darwin10.7.0'
host_vendor='apple'
htmldir='${docdir}'
includedir='${prefix}/include'
infodir='${datarootdir}/info'
install_sh='${SHELL} /Users/wdavidw/www/src/node/adaltas/gsl/deps/gsl-1.14/install-sh'
libdir='${exec_prefix}/lib'
libexecdir='${exec_prefix}/libexec'
localedir='${datarootdir}/locale'
localstatedir='${prefix}/var'
lt_ECHO='/bin/echo'
mandir='${datarootdir}/man'
mkdir_p='/opt/local/bin/gmkdir -p'
oldincludedir='/usr/include'
pdfdir='${docdir}'
prefix='/Users/wdavidw/www/src/node/adaltas/gsl/build/default'
program_transform_name='s,x,x,'
psdir='${docdir}'
sbindir='${exec_prefix}/sbin'
sharedstatedir='${prefix}/com'
sysconfdir='${prefix}/etc'
target_alias=''

## ----------- ##
## confdefs.h. ##
## ----------- ##

/* confdefs.h */
#define PACKAGE_NAME "gsl"
#define PACKAGE_TARNAME "gsl"
#define PACKAGE_VERSION "1.14"
#define PACKAGE_STRING "gsl 1.14"
#define PACKAGE_BUGREPORT ""
#define PACKAGE_URL ""
#define PACKAGE "gsl"
#define VERSION "1.14"
#define RELEASED /**/
#define STDC_HEADERS 1
#define HAVE_SYS_TYPES_H 1
#define HAVE_SYS_STAT_H 1
#define HAVE_STDLIB_H 1
#define HAVE_STRING_H 1
#define HAVE_MEMORY_H 1
#define HAVE_STRINGS_H 1
#define HAVE_INTTYPES_H 1
#define HAVE_STDINT_H 1
#define HAVE_UNISTD_H 1
#define HAVE_DLFCN_H 1
#define LT_OBJDIR ".libs/"
#define HAVE_INLINE 1
#define HAVE_VPRINTF 1
#define HAVE_MEMCPY 1
#define HAVE_MEMMOVE 1
#define HAVE_STRDUP 1
#define HAVE_STRTOL 1
#define HAVE_STRTOUL 1
#define HAVE_EXIT_SUCCESS_AND_FAILURE 1
#define HAVE_LIBM 1
#define HAVE_DECL_FEENABLEEXCEPT 0
#define HAVE_DECL_FESETTRAPENABLE 0
#define HAVE_DECL_HYPOT 1
#define HAVE_DECL_EXPM1 1
#define HAVE_DECL_ACOSH 1
#define HAVE_DECL_ASINH 1
#define HAVE_DECL_ATANH 1
#define HAVE_DECL_LDEXP 1
#define HAVE_DECL_FREXP 1
#define HAVE_DECL_ISINF 1
#define HAVE_DECL_ISFINITE 1
#define HAVE_DECL_FINITE 1
#define HAVE_DECL_ISNAN 1
#define HAVE_DECL_LOG1P 1
#define HAVE_PRINTF_LONGDOUBLE 1
#define HAVE_EXTENDED_PRECISION_REGISTERS 1
#define HAVE_UNKNOWN_IEEE_INTERFACE 1
#define HAVE_IEEE_COMPARISONS 1
#define HAVE_IEEE_DENORMALS 1

configure: exit 0
